2018-07-31 09:48 +08:00: Error: Can't set headers after they are sent.
    at validateHeader (_http_outgoing.js:504:11)
    at ServerResponse.setHeader (_http_outgoing.js:511:3)
    at ServerResponse.header (C:\Users\Administrator\Desktop\IV-\工作室小程序\server\zdh\node_modules\express\lib\response.js:730:10)
    at ServerResponse.send (C:\Users\Administrator\Desktop\IV-\工作室小程序\server\zdh\node_modules\express\lib\response.js:170:12)
    at done (C:\Users\Administrator\Desktop\IV-\工作室小程序\server\zdh\node_modules\express\lib\response.js:967:10)
    at C:\Users\Administrator\Desktop\IV-\工作室小程序\server\zdh\node_modules\swig\lib\swig.js:565:9
    at C:\Users\Administrator\Desktop\IV-\工作室小程序\server\zdh\node_modules\swig\lib\swig.js:690:9
    at tryToString (fs.js:499:3)
    at FSReqWrap.readFileAfterClose [as oncomplete] (fs.js:487:12)
2018-07-31 09:52 +08:00: Error: Can't set headers after they are sent.
    at validateHeader (_http_outgoing.js:504:11)
    at ServerResponse.setHeader (_http_outgoing.js:511:3)
    at ServerResponse.header (C:\Users\Administrator\Desktop\IV-\工作室小程序\server\zdh\node_modules\express\lib\response.js:730:10)
    at ServerResponse.send (C:\Users\Administrator\Desktop\IV-\工作室小程序\server\zdh\node_modules\express\lib\response.js:170:12)
    at done (C:\Users\Administrator\Desktop\IV-\工作室小程序\server\zdh\node_modules\express\lib\response.js:967:10)
    at C:\Users\Administrator\Desktop\IV-\工作室小程序\server\zdh\node_modules\swig\lib\swig.js:565:9
    at C:\Users\Administrator\Desktop\IV-\工作室小程序\server\zdh\node_modules\swig\lib\swig.js:690:9
    at tryToString (fs.js:499:3)
    at FSReqWrap.readFileAfterClose [as oncomplete] (fs.js:487:12)
2018-07-31 09:52 +08:00: Error: Can't set headers after they are sent.
    at validateHeader (_http_outgoing.js:504:11)
    at ServerResponse.setHeader (_http_outgoing.js:511:3)
    at ServerResponse.header (C:\Users\Administrator\Desktop\IV-\工作室小程序\server\zdh\node_modules\express\lib\response.js:730:10)
    at ServerResponse.send (C:\Users\Administrator\Desktop\IV-\工作室小程序\server\zdh\node_modules\express\lib\response.js:170:12)
    at done (C:\Users\Administrator\Desktop\IV-\工作室小程序\server\zdh\node_modules\express\lib\response.js:967:10)
    at C:\Users\Administrator\Desktop\IV-\工作室小程序\server\zdh\node_modules\swig\lib\swig.js:565:9
    at exports.Swig.compileFile (C:\Users\Administrator\Desktop\IV-\工作室小程序\server\zdh\node_modules\swig\lib\swig.js:669:9)
    at View.renderFile [as engine] (C:\Users\Administrator\Desktop\IV-\工作室小程序\server\zdh\node_modules\swig\lib\swig.js:550:12)
    at View.render (C:\Users\Administrator\Desktop\IV-\工作室小程序\server\zdh\node_modules\express\lib\view.js:127:8)
    at tryRender (C:\Users\Administrator\Desktop\IV-\工作室小程序\server\zdh\node_modules\express\lib\application.js:640:10)
2018-07-31 09:52 +08:00: Error: Can't set headers after they are sent.
    at validateHeader (_http_outgoing.js:504:11)
    at ServerResponse.setHeader (_http_outgoing.js:511:3)
    at ServerResponse.header (C:\Users\Administrator\Desktop\IV-\工作室小程序\server\zdh\node_modules\express\lib\response.js:730:10)
    at ServerResponse.send (C:\Users\Administrator\Desktop\IV-\工作室小程序\server\zdh\node_modules\express\lib\response.js:170:12)
    at done (C:\Users\Administrator\Desktop\IV-\工作室小程序\server\zdh\node_modules\express\lib\response.js:967:10)
    at C:\Users\Administrator\Desktop\IV-\工作室小程序\server\zdh\node_modules\swig\lib\swig.js:565:9
    at exports.Swig.compileFile (C:\Users\Administrator\Desktop\IV-\工作室小程序\server\zdh\node_modules\swig\lib\swig.js:669:9)
    at View.renderFile [as engine] (C:\Users\Administrator\Desktop\IV-\工作室小程序\server\zdh\node_modules\swig\lib\swig.js:550:12)
    at View.render (C:\Users\Administrator\Desktop\IV-\工作室小程序\server\zdh\node_modules\express\lib\view.js:127:8)
    at tryRender (C:\Users\Administrator\Desktop\IV-\工作室小程序\server\zdh\node_modules\express\lib\application.js:640:10)
2018-07-31 09:56 +08:00: Error: Can't set headers after they are sent.
    at validateHeader (_http_outgoing.js:504:11)
    at ServerResponse.setHeader (_http_outgoing.js:511:3)
    at ServerResponse.header (C:\Users\Administrator\Desktop\IV-\工作室小程序\server\zdh\node_modules\express\lib\response.js:730:10)
    at ServerResponse.send (C:\Users\Administrator\Desktop\IV-\工作室小程序\server\zdh\node_modules\express\lib\response.js:170:12)
    at done (C:\Users\Administrator\Desktop\IV-\工作室小程序\server\zdh\node_modules\express\lib\response.js:967:10)
    at C:\Users\Administrator\Desktop\IV-\工作室小程序\server\zdh\node_modules\swig\lib\swig.js:565:9
    at C:\Users\Administrator\Desktop\IV-\工作室小程序\server\zdh\node_modules\swig\lib\swig.js:690:9
    at tryToString (fs.js:499:3)
    at FSReqWrap.readFileAfterClose [as oncomplete] (fs.js:487:12)
2018-07-31 10:22 +08:00: Error: Can't set headers after they are sent.
    at validateHeader (_http_outgoing.js:504:11)
    at ServerResponse.setHeader (_http_outgoing.js:511:3)
    at ServerResponse.header (C:\Users\Administrator\Desktop\IV-\工作室小程序\server\zdh\node_modules\express\lib\response.js:730:10)
    at ServerResponse.send (C:\Users\Administrator\Desktop\IV-\工作室小程序\server\zdh\node_modules\express\lib\response.js:170:12)
    at done (C:\Users\Administrator\Desktop\IV-\工作室小程序\server\zdh\node_modules\express\lib\response.js:967:10)
    at C:\Users\Administrator\Desktop\IV-\工作室小程序\server\zdh\node_modules\swig\lib\swig.js:565:9
    at exports.Swig.compileFile (C:\Users\Administrator\Desktop\IV-\工作室小程序\server\zdh\node_modules\swig\lib\swig.js:669:9)
    at View.renderFile [as engine] (C:\Users\Administrator\Desktop\IV-\工作室小程序\server\zdh\node_modules\swig\lib\swig.js:550:12)
    at View.render (C:\Users\Administrator\Desktop\IV-\工作室小程序\server\zdh\node_modules\express\lib\view.js:127:8)
    at tryRender (C:\Users\Administrator\Desktop\IV-\工作室小程序\server\zdh\node_modules\express\lib\application.js:640:10)
2018-07-31 10:27 +08:00: Error: Can't set headers after they are sent.
    at validateHeader (_http_outgoing.js:504:11)
    at ServerResponse.setHeader (_http_outgoing.js:511:3)
    at ServerResponse.header (C:\Users\Administrator\Desktop\IV-\工作室小程序\server\zdh\node_modules\express\lib\response.js:730:10)
    at ServerResponse.send (C:\Users\Administrator\Desktop\IV-\工作室小程序\server\zdh\node_modules\express\lib\response.js:170:12)
    at done (C:\Users\Administrator\Desktop\IV-\工作室小程序\server\zdh\node_modules\express\lib\response.js:967:10)
    at C:\Users\Administrator\Desktop\IV-\工作室小程序\server\zdh\node_modules\swig\lib\swig.js:565:9
    at C:\Users\Administrator\Desktop\IV-\工作室小程序\server\zdh\node_modules\swig\lib\swig.js:690:9
    at tryToString (fs.js:499:3)
    at FSReqWrap.readFileAfterClose [as oncomplete] (fs.js:487:12)
2018-07-31 10:29 +08:00: Error: Can't set headers after they are sent.
    at validateHeader (_http_outgoing.js:504:11)
    at ServerResponse.setHeader (_http_outgoing.js:511:3)
    at ServerResponse.header (C:\Users\Administrator\Desktop\IV-\工作室小程序\server\zdh\node_modules\express\lib\response.js:730:10)
    at ServerResponse.send (C:\Users\Administrator\Desktop\IV-\工作室小程序\server\zdh\node_modules\express\lib\response.js:170:12)
    at done (C:\Users\Administrator\Desktop\IV-\工作室小程序\server\zdh\node_modules\express\lib\response.js:967:10)
    at C:\Users\Administrator\Desktop\IV-\工作室小程序\server\zdh\node_modules\swig\lib\swig.js:565:9
    at exports.Swig.compileFile (C:\Users\Administrator\Desktop\IV-\工作室小程序\server\zdh\node_modules\swig\lib\swig.js:669:9)
    at View.renderFile [as engine] (C:\Users\Administrator\Desktop\IV-\工作室小程序\server\zdh\node_modules\swig\lib\swig.js:550:12)
    at View.render (C:\Users\Administrator\Desktop\IV-\工作室小程序\server\zdh\node_modules\express\lib\view.js:127:8)
    at tryRender (C:\Users\Administrator\Desktop\IV-\工作室小程序\server\zdh\node_modules\express\lib\application.js:640:10)
2018-07-31 11:28 +08:00: Error: Can't set headers after they are sent.
    at validateHeader (_http_outgoing.js:504:11)
    at ServerResponse.setHeader (_http_outgoing.js:511:3)
    at ServerResponse.header (C:\Users\Administrator\Desktop\IV-\工作室小程序\server\zdh\node_modules\express\lib\response.js:730:10)
    at ServerResponse.send (C:\Users\Administrator\Desktop\IV-\工作室小程序\server\zdh\node_modules\express\lib\response.js:170:12)
    at done (C:\Users\Administrator\Desktop\IV-\工作室小程序\server\zdh\node_modules\express\lib\response.js:967:10)
    at C:\Users\Administrator\Desktop\IV-\工作室小程序\server\zdh\node_modules\swig\lib\swig.js:565:9
    at exports.Swig.compileFile (C:\Users\Administrator\Desktop\IV-\工作室小程序\server\zdh\node_modules\swig\lib\swig.js:669:9)
    at View.renderFile [as engine] (C:\Users\Administrator\Desktop\IV-\工作室小程序\server\zdh\node_modules\swig\lib\swig.js:550:12)
    at View.render (C:\Users\Administrator\Desktop\IV-\工作室小程序\server\zdh\node_modules\express\lib\view.js:127:8)
    at tryRender (C:\Users\Administrator\Desktop\IV-\工作室小程序\server\zdh\node_modules\express\lib\application.js:640:10)
2018-07-31 11:44 +08:00: Error: Can't set headers after they are sent.
    at validateHeader (_http_outgoing.js:504:11)
    at ServerResponse.setHeader (_http_outgoing.js:511:3)
    at ServerResponse.header (C:\Users\Administrator\Desktop\IV-\工作室小程序\server\zdh\node_modules\express\lib\response.js:730:10)
    at ServerResponse.send (C:\Users\Administrator\Desktop\IV-\工作室小程序\server\zdh\node_modules\express\lib\response.js:170:12)
    at done (C:\Users\Administrator\Desktop\IV-\工作室小程序\server\zdh\node_modules\express\lib\response.js:967:10)
    at C:\Users\Administrator\Desktop\IV-\工作室小程序\server\zdh\node_modules\swig\lib\swig.js:565:9
    at C:\Users\Administrator\Desktop\IV-\工作室小程序\server\zdh\node_modules\swig\lib\swig.js:690:9
    at tryToString (fs.js:499:3)
    at FSReqWrap.readFileAfterClose [as oncomplete] (fs.js:487:12)
2018-12-14 11:52 +08:00: TypeError: Cannot read property 'query' of undefined
    at C:\Users\Administrator\Desktop\IV-\工作室小程序\server\zdh\dao\wxuserDao.js:57:14
    at Handshake.onConnect [as _callback] (C:\Users\Administrator\Desktop\IV-\工作室小程序\server\zdh\node_modules\mysql\lib\Pool.js:58:9)
    at Handshake.Sequence.end (C:\Users\Administrator\Desktop\IV-\工作室小程序\server\zdh\node_modules\mysql\lib\protocol\sequences\Sequence.js:88:24)
    at Protocol.handleNetworkError (C:\Users\Administrator\Desktop\IV-\工作室小程序\server\zdh\node_modules\mysql\lib\protocol\Protocol.js:363:14)
    at PoolConnection.Connection._handleNetworkError (C:\Users\Administrator\Desktop\IV-\工作室小程序\server\zdh\node_modules\mysql\lib\Connection.js:428:18)
    at emitOne (events.js:115:13)
    at Socket.emit (events.js:210:7)
    at emitErrorNT (internal/streams/destroy.js:62:8)
    at _combinedTickCallback (internal/process/next_tick.js:102:11)
    at process._tickDomainCallback (internal/process/next_tick.js:198:9)
2018-12-14 13:28 +08:00: TypeError: Cannot read property 'query' of undefined
    at C:\Users\Administrator\Desktop\IV-\工作室小程序\server\zdh\dao\wxuserDao.js:57:14
    at Handshake.onConnect [as _callback] (C:\Users\Administrator\Desktop\IV-\工作室小程序\server\zdh\node_modules\mysql\lib\Pool.js:58:9)
    at Handshake.Sequence.end (C:\Users\Administrator\Desktop\IV-\工作室小程序\server\zdh\node_modules\mysql\lib\protocol\sequences\Sequence.js:88:24)
    at Protocol.handleNetworkError (C:\Users\Administrator\Desktop\IV-\工作室小程序\server\zdh\node_modules\mysql\lib\protocol\Protocol.js:363:14)
    at PoolConnection.Connection._handleNetworkError (C:\Users\Administrator\Desktop\IV-\工作室小程序\server\zdh\node_modules\mysql\lib\Connection.js:428:18)
    at emitOne (events.js:115:13)
    at Socket.emit (events.js:210:7)
    at emitErrorNT (internal/streams/destroy.js:62:8)
    at _combinedTickCallback (internal/process/next_tick.js:102:11)
    at process._tickDomainCallback (internal/process/next_tick.js:198:9)
